0000000000000000 0000000000000401 b __fixedpath
0000000000000000 A __start__
0000000000000000 T _start
0000000000000000 b _TLS_MODULE_BASE_
0000000000000080 t startup
00000000000000b0 t bss_loop
0000000000000104 T __nx_exit
0000000000000114 T __nx_mod0
0000000000000130 T _init
0000000000000180 0000000000000038 T exit
00000000000001c0 000000000000012c T main
00000000000002f0 t deregister_tm_clones
0000000000000320 t register_tm_clones
0000000000000358 t __do_global_dtors_aux
00000000000003a0 t frame_dummy
00000000000003e0 0000000000000034 t ipcCloseObjectById
0000000000000408 0000000000002000 b tmp_buffer.6840
0000000000000420 0000000000000124 t _appletGetHandle
0000000000000550 00000000000000e0 t _appletGetPerformanceMode.constprop.14
0000000000000630 00000000000000e0 t _appletGetOperationMode.constprop.13
0000000000000710 00000000000000e0 t _appletGetCurrentFocusState.constprop.15
00000000000007f0 00000000000000ec t _appletReceiveMessage
00000000000008e0 00000000000000cc t _appletAcquireForegroundRights
00000000000009b0 00000000000000d4 t _appletSetPerformanceModeChangedNotification.constprop.17
0000000000000a90 00000000000000d4 t _appletSetOperationModeChangedNotification.constprop.16
0000000000000b70 00000000000000d0 t _appletSetOutOfFocusSuspendingEnabled
0000000000000c40 00000000000000d8 t _appletSetFocusHandlingMode
0000000000000d20 00000000000000e0 t _appletGetAppletResourceUserId.constprop.11
0000000000000e00 000000000000013c t _appletGetSessionProxy.constprop.10
0000000000000f40 0000000000000564 T appletExit
00000000000014b0 0000000000000010 T appletGetAppletType
00000000000014c0 0000000000000028 T appletHook
00000000000014f0 0000000000000034 T appletUnhook
0000000000001530 0000000000000028 T appletGetAppletResourceUserId
0000000000001560 0000000000000120 T appletNotifyRunning
0000000000001680 000000000000056c T appletInitialize
0000000000001bf0 00000000000000ec T appletCreateManagedDisplayLayer
0000000000001ce0 000000000000000c T appletGetOperationMode
0000000000001cf0 0000000000000144 T appletMainLoop
0000000000001e40 0000000000000034 t ipcCloseObjectById
0000000000001e80 0000000000000124 t _hidGetSharedMemoryHandle.constprop.8
0000000000001fb0 0000000000000134 t _hidCreateAppletResource.constprop.7
00000000000020f0 00000000000001b0 T hidReset
00000000000022a0 000000000000000c T hidGetSharedmemAddr
00000000000022b0 000000000000006c T hidKeysDown
0000000000002320 000000000000000c T hidTouchCount
0000000000002330 000000000000049c T hidScanInput
0000000000002408 0000000000002000 b tmp_buffer.6864
00000000000027d0 000000000000004c T hidTouchRead
0000000000002820 000000000000010c T hidSetNpadJoyAssignmentModeDual
0000000000002930 0000000000000128 T hidExit
0000000000002a60 000000000000010c T hidInitialize
0000000000002b70 0000000000000034 t ipcCloseObjectById
0000000000002bb0 0000000000000124 t _apmGetSession.constprop.4
0000000000002ce0 00000000000000f0 T apmExit
0000000000002dd0 000000000000008c T apmInitialize
0000000000002e60 00000000000000cc T apmSetPerformanceConfiguration
0000000000002f30 0000000000000044 T smAddOverrideHandle
0000000000002f80 0000000000000060 T smGetServiceOverride
0000000000002fe0 0000000000000014 T smHasInitialized
0000000000003000 000000000000005c T smExit
0000000000003060 0000000000000038 T smEncodeName
00000000000030a0 000000000000012c T smGetServiceOriginal
00000000000031d0 0000000000000158 T smInitialize
0000000000003330 0000000000000074 T smGetService
00000000000033b0 00000000000000ec T fatalWithType
00000000000034a0 0000000000000014 T fatalSimple
00000000000034c0 000000000000004c t _gfxCancelBuffer
0000000000003510 0000000000000170 t _gfxDequeueBuffer.part.0
0000000000003680 00000000000004b4 T gfxInitDefault
0000000000003b40 00000000000000e8 T gfxConfigureCrop
0000000000003c30 0000000000000014 T gfxConfigureResolution
0000000000003c50 0000000000000060 t _gfxAutoResolutionAppletHook
0000000000003cb0 000000000000011c T gfxConfigureAutoResolution
0000000000003dd0 0000000000000174 T gfxExit
0000000000003f50 000000000000003c T _gfxGraphicBufferInit
0000000000003f90 000000000000006c T gfxSwapBuffers
0000000000004000 0000000000000068 T gfxGetFramebuffer
0000000000004070 000000000000000c T gfxSetMode
0000000000004080 000000000000012c T gfxFlushBuffers
00000000000041b0 0000000000000038 t nvmapobjClose.part.0.constprop.3
00000000000041f0 00000000000001e8 T nvgfxInitialize
00000000000043e0 0000000000000058 T nvgfxExit
0000000000004440 000000000000004c T nvgfxGetFramebuffer
0000000000004490 0000000000000250 T consoleDrawChar
00000000000046e0 000000000000015c T consolePrintChar
0000000000004840 0000000000000158 t consoleClearLine
00000000000049a0 0000000000000180 t newRow
0000000000004b20 000000000000016c t consoleCls
0000000000004c90 00000000000000ec T consoleInit
0000000000004d80 0000000000000854 t con_write
00000000000055e0 000000000000000c T consoleClear
00000000000055ec T armDCacheFlush
0000000000005610 t armDCacheFlush_L0
0000000000005628 T svcSetHeapSize
000000000000563c T svcUnmapMemory
0000000000005644 T svcQueryMemory
0000000000005658 T svcExitProcess
0000000000005660 T svcSleepThread
0000000000005668 T svcMapSharedMemory
0000000000005670 T svcUnmapSharedMemory
0000000000005678 T svcCreateTransferMemory
000000000000568c T svcCloseHandle
0000000000005694 T svcResetSignal
000000000000569c T svcWaitSynchronization
00000000000056b0 T svcArbitrateLock
00000000000056b8 T svcArbitrateUnlock
00000000000056c0 T svcConnectToNamedPort
00000000000056d4 T svcSendSyncRequest
00000000000056dc T svcBreak
00000000000056e4 T svcGetInfo
00000000000056f8 T svcUnmapTransferMemory
0000000000005700 0000000000000180 t _CacheValues
0000000000005880 000000000000001c T kernelAbove200
00000000000058a0 000000000000001c T kernelAbove300
00000000000058c0 0000000000000030 T detectDebugger
00000000000058f0 0000000000000014 T shmemLoadRemote
0000000000005910 0000000000000084 T shmemMap
00000000000059a0 0000000000000058 T shmemUnmap
0000000000005a00 0000000000000044 T shmemClose
0000000000005a50 000000000000004c T rwlockReadLock
0000000000005aa0 000000000000004c T rwlockReadUnlock
0000000000005af0 0000000000000008 T rwlockWriteLock
0000000000005b00 0000000000000008 T rwlockWriteUnlock
0000000000005b10 000000000000008c T mutexLock
0000000000005ba0 0000000000000030 T mutexUnlock
0000000000005bd0 000000000000004c T rmutexLock
0000000000005c20 000000000000001c T rmutexUnlock
0000000000005c40 000000000000007c t _GetRegionFromInfo.isra.1
0000000000005cc0 00000000000000e4 T virtmemSetup
0000000000005db0 000000000000013c T virtmemReserve
0000000000005ef0 0000000000000004 T virtmemFree
0000000000005f00 000000000000000c T eventLoadRemote
0000000000005f10 000000000000011c T eventWait
0000000000006030 0000000000000050 T eventClose
0000000000006080 0000000000000034 t ipcCloseObjectById
00000000000060c0 00000000000000c8 t ipcQueryPointerBufferSize.constprop.10
0000000000006190 000000000000010c t ipcCloneSession.constprop.9
00000000000062a0 00000000000000d8 t _nvSetClientPID
0000000000006380 00000000000000f0 t _nvInitialize.constprop.8
0000000000006470 0000000000000108 T nvExit
0000000000006580 0000000000000178 T nvInitialize
0000000000006700 000000000000012c T nvConvertError
0000000000006830 000000000000012c T nvOpen
0000000000006960 0000000000000270 T nvIoctl
0000000000006bd0 00000000000000dc T nvClose
0000000000006cb0 000000000000015c T nvQueryEvent
0000000000006e10 0000000000000034 t ipcCloseObjectById
0000000000006e50 0000000000000134 t _viGetSession.constprop.7
0000000000006f90 00000000000001e4 T viExit
0000000000007180 0000000000000304 T viInitialize
0000000000007490 000000000000000c T viGetSession_IHOSBinderDriverRelay
00000000000074a0 0000000000000140 T viOpenDisplay
00000000000075e0 0000000000000104 T viCloseDisplay
00000000000076f0 000000000000013c T viGetDisplayVsyncEvent
0000000000007830 0000000000000104 T viCloseLayer
0000000000007940 0000000000000320 T viCreateLayer
0000000000007c60 00000000000000e8 T viSetLayerScalingMode
0000000000007d50 000000000000005c T nvFenceInit
0000000000007db0 0000000000000098 T nvFenceExit
0000000000007e50 0000000000000194 T nvFenceWait
0000000000007ff0 000000000000007c T nvMultiFenceWait
0000000000008070 0000000000000024 T nvioctlNvhostCtrl_EventSignal
00000000000080a0 0000000000000028 T nvioctlNvhostCtrl_EventWaitAsync
00000000000080d0 0000000000000024 T nvioctlNvhostCtrl_EventRegister
0000000000008100 0000000000000024 T nvioctlNvhostCtrl_EventUnregister
0000000000008130 000000000000003c T nvioctlNvmap_Create
0000000000008170 0000000000000030 T nvioctlNvmap_Alloc
00000000000081a0 000000000000003c T nvioctlNvmap_GetId
00000000000081e0 00000000000000f0 T bqRequestBuffer
00000000000082d0 0000000000000154 T bqDequeueBuffer
0000000000008430 000000000000009c T bqDetachBuffer
00000000000084d0 00000000000000e0 T bqQueueBuffer
00000000000085b0 0000000000000090 T bqCancelBuffer
0000000000008640 00000000000000e4 T bqConnect
0000000000008730 000000000000009c T bqDisconnect
00000000000087d0 00000000000000b4 T bqSetPreallocatedBuffer
0000000000008890 0000000000000248 t _binderTransactParcelAuto
0000000000008ae0 00000000000000c8 t ipcQueryPointerBufferSize
0000000000008bb0 0000000000000138 t _binderTransactParcel
0000000000008cf0 0000000000000014 T binderCreate
0000000000008d10 0000000000000010 T binderTransactParcel
0000000000008d20 0000000000000124 T binderConvertErrorCode
0000000000008e50 00000000000000e8 T binderAdjustRefcount
0000000000008f40 0000000000000074 T binderClose
0000000000008fc0 00000000000000c4 T binderInitSession
0000000000009090 0000000000000144 T binderGetNativeHandle
00000000000091e0 0000000000000028 T parcelCreate
0000000000009210 000000000000019c T parcelTransact
00000000000093b0 0000000000000088 T parcelWriteData
0000000000009440 0000000000000098 T parcelReadData
00000000000094e0 0000000000000020 T parcelWriteInt32
0000000000009500 0000000000000020 T parcelWriteUInt32
0000000000009520 0000000000000080 T parcelWriteString16
00000000000095a0 0000000000000030 T parcelWriteInterfaceToken
00000000000095d0 0000000000000024 T parcelReadInt32
0000000000009600 0000000000000068 T parcelReadFlattenedObject
0000000000009670 0000000000000044 T parcelWriteFlattenedObject
00000000000096c0 00000000000000a0 T __nx_dynamic
0000000000009760 00000000000000d8 W __libnx_initheap
0000000000009840 0000000000000090 W __appInit
00000000000098d0 0000000000000034 W __appExit
0000000000009910 0000000000000028 W __libnx_init
0000000000009940 0000000000000020 W __libnx_exit
0000000000009960 00000000000001b0 T envSetup
0000000000009b10 0000000000000020 T envGetMainThreadHandle
0000000000009b30 000000000000000c T envIsNso
0000000000009b40 0000000000000014 T envHasHeapOverride
0000000000009b60 000000000000000c T envGetHeapOverrideAddr
0000000000009b70 000000000000000c T envGetHeapOverrideSize
0000000000009b80 0000000000000014 T envHasArgv
0000000000009ba0 000000000000000c T envGetArgv
0000000000009bb0 000000000000000c T envGetExitFuncPtr
0000000000009bc0 0000000000000008 t mutexInit
0000000000009bd0 000000000000000c t rmutexInit
0000000000009be0 000000000000008c T __libnx_gtod
0000000000009c70 0000000000000020 T __libnx_clock_settime
0000000000009c90 0000000000000028 T __libnx_nanosleep
0000000000009cc0 0000000000000034 t __libnx_get_reent
0000000000009d00 00000000000000d0 T __libnx_clock_gettime
0000000000009dd0 0000000000000058 T __libnx_clock_getres
0000000000009e30 0000000000000054 T __libnx_init_time
0000000000009e90 0000000000000118 T newlibSetup
0000000000009fb0 0000000000000368 T argvSetup
000000000000a320 0000000000000010 t fsdev_link
000000000000a330 0000000000000010 t fsdev_dirreset
000000000000a340 0000000000000010 t fsdev_chmod
000000000000a350 000000000000001c t error_cmp
000000000000a370 0000000000000058 t fsdev_translate_error
000000000000a3d0 0000000000000040 t fsdev_fsync
000000000000a410 0000000000000060 t fsdev_ftruncate
000000000000a470 0000000000000020 t fsdev_dirclose
000000000000a490 000000000000016c t fsdev_dirnext
000000000000a600 000000000000001c t fsdev_close
000000000000a620 0000000000000080 t fsdev_fstat
000000000000a6a0 00000000000000b0 t fsdev_seek
000000000000a750 0000000000000198 t fsdev_read
000000000000a8f0 00000000000001a0 t fsdev_write
000000000000aa90 0000000000000120 t fsdevFindDevice
000000000000abb0 0000000000000168 t _fsdevMountDevice
000000000000ad20 00000000000001fc t fsdev_getfspath
000000000000af20 0000000000000070 t fsdev_rmdir
000000000000af90 00000000000000d4 t fsdev_statvfs
000000000000b070 00000000000000ec t fsdev_diropen
000000000000b160 0000000000000070 t fsdev_mkdir
000000000000b1d0 0000000000000114 t fsdev_rename
000000000000b2f0 00000000000000e8 t fsdev_chdir
000000000000b3e0 0000000000000070 t fsdev_unlink
000000000000b450 0000000000000168 t fsdev_stat
000000000000b5c0 0000000000000180 t fsdev_open
000000000000b740 00000000000000b8 t _fsdevUnmountDeviceStruct.part.4
000000000000b800 0000000000000010 t fsdev_fchmod
000000000000b810 0000000000000158 T fsdevMountSdmc
000000000000b970 0000000000000064 T fsdevUnmountAll
000000000000b9e0 000000000000012c T decode_utf8
000000000000bb0c T __aarch64_read_tp
000000000000bb20 00000000000000a8 T tmemCreate
000000000000bbd0 0000000000000058 T tmemUnmap
000000000000bc30 0000000000000068 T tmemClose
000000000000bca0 0000000000000034 t ipcCloseObjectById
000000000000bce0 000000000000012c t _timeGetSession
000000000000be10 00000000000001ec T timeExit
000000000000c000 00000000000000d8 T timeInitialize
000000000000c0e0 0000000000000124 T timeGetCurrentTime
000000000000c210 0000000000000034 t ipcCloseObjectById
000000000000c250 0000000000000124 T fsInitialize
000000000000c380 000000000000009c T fsExit
000000000000c420 0000000000000134 T fsMountSdcard
000000000000c560 00000000000000f4 T fsFsCreateFile
000000000000c660 00000000000000f0 T fsFsDeleteFile
000000000000c750 00000000000000f0 T fsFsCreateDirectory
000000000000c840 00000000000000f0 T fsFsDeleteDirectory
000000000000c930 000000000000011c T fsFsRenameFile
000000000000ca50 000000000000011c T fsFsRenameDirectory
000000000000cb70 0000000000000104 T fsFsGetEntryType
000000000000cc80 0000000000000154 T fsFsOpenFile
000000000000cde0 000000000000014c T fsFsOpenDirectory
000000000000cf30 0000000000000104 T fsFsGetFreeSpace
000000000000d040 0000000000000104 T fsFsGetTotalSpace
000000000000d150 000000000000006c T fsFsClose
000000000000d1c0 0000000000000108 T fsFileRead
000000000000d2d0 00000000000000f8 T fsFileWrite
000000000000d3d0 00000000000000c8 T fsFileFlush
000000000000d4a0 00000000000000c8 T fsFileSetSize
000000000000d570 00000000000000ec T fsFileGetSize
000000000000d660 000000000000006c T fsFileClose
000000000000d6d0 000000000000006c T fsDirClose
000000000000d740 0000000000000110 T fsDirRead
000000000000d850 00000000000000c4 T nxlinkSetup
000000000000d918 00000000000000b8 T bsearch
000000000000d9d0 0000000000000014 T __errno
000000000000d9e8 0000000000000044 T __libc_fini_array
000000000000da30 000000000000008c T __libc_init_array
000000000000dac0 000000000000008c T iprintf
000000000000db50 000000000000002c T __locale_mb_cur_max
000000000000db80 0000000000000008 T __locale_ctype_ptr_l
000000000000db88 000000000000002c T __locale_ctype_ptr
000000000000dbb8 0000000000000030 T memalign
000000000000dbe8 0000000000000198 T _memalign_r
000000000000dd80 000000000000001c T malloc
000000000000dda0 000000000000001c T free
000000000000ddc0 0000000000000844 T _malloc_r
000000000000e608 00000000000002c8 T __utf8_mbtowc
000000000000e8d0 00000000000000d8 T memchr
000000000000e9c0 000000000000016c T memcpy
000000000000eb40 00000000000001d8 T memset
000000000000ed18 000000000000000c T __malloc_lock
000000000000ed28 000000000000000c T __malloc_unlock
000000000000ed38 000000000000008c T printf
000000000000edc8 000000000000025c T setvbuf
000000000000f028 00000000000000bc T sscanf
000000000000f0e8 0000000000000050 T __sread
000000000000f138 0000000000000008 T __seofread
000000000000f140 000000000000006c T __swrite
000000000000f1b0 0000000000000050 T __sseek
000000000000f200 0000000000000008 T __sclose
000000000000f208 00000000000000dc T strchr
000000000000f300 00000000000000a4 T strcmp
000000000000f3c0 0000000000000140 T strlen
000000000000f500 0000000000000084 T strncat
000000000000f5dc 0000000000000108 T strncmp
000000000000f6e8 00000000000000a8 T strncpy
000000000000f7e4 00000000000000e0 T strnlen
000000000000f8a0 00000000000001d0 t _strtol_l.isra.0
000000000000fa70 0000000000000048 T _strtol_r
000000000000fab8 00000000000001e0 t _strtoul_l.isra.0
000000000000fc98 0000000000000048 T _strtoul_r
000000000000fce0 000000000000005c T strtoul
000000000000fd3c 000000000000005c t get_arg
000000000000fd98 0000000000002f48 T __ssvfscanf_r
0000000000012ce0 000000000000076c t get_arg
000000000001344c 000000000000003c T __sprint_r
0000000000013488 0000000000002984 T _vfiprintf_r
0000000000015e0c 00000000000000ec t __sbprintf
0000000000015ef8 000000000000076c t get_arg
0000000000016664 0000000000003bfc T _vfprintf_r
000000000001a260 00000000000000ec t __sbprintf
000000000001a350 00000000000000d0 T _wcrtomb_r
000000000001a420 0000000000000010 T _wcsrtombs_r
000000000001a430 00000000000000e4 T __utf8_wctomb
000000000001a518 0000000000000140 T __swsetup_r
000000000001a658 000000000000017c T __call_exitprocs
000000000001a7d8 00000000000001a8 t quorem
000000000001a980 00000000000010dc T _dtoa_r
000000000001ba60 0000000000000214 T __sflush_r
000000000001bc78 00000000000000b8 T _fflush_r
000000000001bd30 0000000000000078 t std
000000000001bda8 000000000000000c T _cleanup_r
000000000001bdb8 000000000000000c T __sfp_lock_acquire
000000000001bdc8 000000000000000c T __sfp_lock_release
000000000001bdd8 000000000000000c T __sinit_lock_acquire
000000000001bde8 000000000000000c T __sinit_lock_release
000000000001bdf8 0000000000000080 T __sinit
000000000001be78 0000000000000118 T _malloc_trim_r
000000000001bf90 00000000000002f4 T _free_r
000000000001c288 00000000000004b8 T __sfvwrite_r
000000000001c740 00000000000000bc T _fwalk_reent
000000000001c800 0000000000000084 T iswspace
000000000001c888 0000000000000244 t __jp2uc
000000000001cad0 00000000000000d0 T _jp2uc
000000000001cba0 0000000000000008 T __localeconv_l
000000000001cba8 0000000000000028 T _localeconv_r
000000000001cbd0 00000000000000a4 T __swhatbuf_r
000000000001cc78 000000000000010c T __smakebuf_r
000000000001cd88 00000000000000d8 T _mbrtowc_r
000000000001ce80 00000000000000ac T memmove
000000000001cf30 0000000000000090 T _Balloc
000000000001cfc0 000000000000001c T _Bfree
000000000001cfe0 00000000000000e8 T __multadd
000000000001d0c8 0000000000000120 T __s2b
000000000001d1e8 000000000000005c T __hi0bits
000000000001d248 00000000000000a0 T __lo0bits
000000000001d2e8 000000000000002c T __i2b
000000000001d318 00000000000001c8 T __multiply
000000000001d4e0 0000000000000104 T __pow5mult
000000000001d5e8 0000000000000134 T __lshift
000000000001d720 0000000000000050 T __mcmp
000000000001d770 000000000000014c T __mdiff
000000000001d8c0 0000000000000068 T __ulp
000000000001d928 0000000000000150 T __b2d
000000000001da78 0000000000000138 T __d2b
000000000001dbb0 00000000000000a0 T __ratio
000000000001dc50 0000000000000068 T __copybits
000000000001dcb8 0000000000000084 T __any_on
000000000001dd40 0000000000000030 T realloc
000000000001dd70 000000000000056c T _realloc_r
000000000001e2e0 00000000000000bc T __sccl
000000000001e3a0 000000000000000c T nanf
000000000001e3b0 000000000000007c T frexp
000000000001e430 00000000000000a8 T sprintf
000000000001e4d8 00000000000000c8 T stpncpy
000000000001e5a0 0000000000000054 t sulp
000000000001e5f8 00000000000010f0 T _strtod_l
000000000001f6e8 0000000000000040 T _strtod_r
000000000001f728 00000000000001d0 t _strtoll_l.isra.0
000000000001f8f8 0000000000000048 T _strtoll_r
000000000001f940 00000000000001e0 t _strtoull_l.isra.0
000000000001fb20 0000000000000048 T _strtoull_r
000000000001fb68 00000000000001c0 T __ssprint_r
000000000001fd28 00000000000000f4 T _sungetc_r
000000000001fe1c 0000000000000070 T __ssrefill_r
000000000001fe8c 00000000000000e0 T _sfread_r
000000000001ff6c 000000000000076c t get_arg
00000000000206d8 0000000000003b44 T _svfprintf_r
0000000000024220 00000000000000c8 T __submore
00000000000242e8 00000000000001dc T _wcsnrtombs_l
00000000000244c8 0000000000000054 T _wcsnrtombs_r
0000000000024520 0000000000000094 T _calloc_r
00000000000245b8 000000000000015c T _fclose_r
0000000000024718 0000000000000114 t rshift
0000000000024830 00000000000007e8 T __gethex
0000000000025018 0000000000000048 T __match
0000000000025060 000000000000022c T __hexnan
0000000000025290 0000000000000008 t null_write
0000000000025298 0000000000000018 T setDefaultDevice
00000000000252b0 00000000000000f8 T FindDevice
00000000000253a8 0000000000000034 T RemoveDevice
00000000000253e0 00000000000000d8 T AddDevice
00000000000254b8 00000000000000a8 T _close_r
0000000000025560 0000000000000080 T _fstat_r
00000000000255e0 0000000000000008 T _isatty_r
00000000000255e8 0000000000000094 T _lseek_r
0000000000025680 00000000000000a4 T _read_r
0000000000025728 0000000000000078 T _sbrk_r
00000000000257a0 00000000000000a4 T _write_r
0000000000025848 0000000000000024 T _exit
0000000000025870 0000000000000234 T _concatenate_path
0000000000025aa8 0000000000000178 T chdir
0000000000025c20 0000000000000018 T __libc_lock_acquire
0000000000025c38 0000000000000018 T __libc_lock_release
0000000000025c50 0000000000000018 T __libc_lock_init_recursive
0000000000025c68 0000000000000018 T __libc_lock_acquire_recursive
0000000000025c80 0000000000000018 T __libc_lock_release_recursive
0000000000025c98 0000000000000018 T __libc_lock_close_recursive
0000000000025cb0 000000000000003c T __free_handle
0000000000025cf0 0000000000000058 T __release_handle
0000000000025d48 0000000000000020 T __get_handle
0000000000025d68 0000000000000024 T __getreent
0000000000025d90 0000000000000150 t __extenddftf2
0000000000025ee0 0000000000000350 t __trunctfdf2
0000000000026230 0000000000000070 t __sfp_handle_exceptions
00000000000262a0 0000000000000100 T strrchr
00000000000263a0 T _fini
0000000000027080 0000000000000014 r CSWTCH.44
0000000000027158 0000000000000060 r colorTable
000000000002722c R default_font_bin
000000000002922c R default_font_bin_end
000000000002922c R default_font_bin_size
0000000000029270 0000000000000023 r g_bq_InterfaceDescriptor
00000000000292a0 0000000000000018 r error_table
0000000000029400 0000000000000022 r basefix.6415
0000000000029598 0000000000000010 r blanks.6361
00000000000295a8 0000000000000010 r zeroes.6362
0000000000029718 0000000000000010 r blanks.6393
0000000000029728 0000000000000010 r zeroes.6394
0000000000029738 0000000000000101 R _ctype_
0000000000029890 00000000000000bc r a1
0000000000029950 00000000000000bc r a2
0000000000029a10 000000000000005b r a3
0000000000029a70 0000000000000070 r a6
0000000000029ae0 00000000000000a2 r a7
0000000000029b88 0000000000000040 r a8
0000000000029bc8 000000000000172a r b02cf
000000000002b2f8 0000000000001a7c r d02f4
000000000002cd78 0000000000000028 R __mprec_bigtens
000000000002cda0 00000000000000c8 R __mprec_tens
000000000002ce68 000000000000000c r p05.5161
000000000002cea8 0000000000000014 r fpi.5241
000000000002cec0 0000000000000014 r fpinan.5277
000000000002ced8 0000000000000028 r tinytens
000000000002cf00 000000000000006c R __action_table
000000000002cf70 0000000000000100 R __chclass
000000000002d070 000000000000006c R __state_table
000000000002d228 0000000000000010 r blanks.6378
000000000002d238 0000000000000010 r zeroes.6379
000000000002d248 0000000000000100 R __hexdig
000000000002d350 0000000000000003 R DIRECTORY_PARENT
000000000002d358 r __EH_FRAME_BEGIN__
000000000002d358 R __eh_frame_hdr_end
000000000002d358 R __eh_frame_hdr_start
00000000000322dc r __FRAME_END__
00000000000322e0 a _DYNAMIC
0000000000035000 t __frame_dummy_init_array_entry
0000000000035000 T __init_array_start
0000000000035000 B __preinit_array_end
0000000000035000 B __preinit_array_start
0000000000035000 D __tdata_lma
0000000000035000 D __tdata_lma_end
0000000000035008 t __do_global_dtors_aux_fini_array_entry
0000000000035008 T __fini_array_start
0000000000035008 T __init_array_end
0000000000035010 T __fini_array_end
0000000000035010 T __got_start__
0000000000035010 a _GLOBAL_OFFSET_TABLE_
00000000000352c8 D __got_end__
00000000000352c8 0000000000000001 V __nx_applet_auto_notifyrunning
00000000000352cc 0000000000000004 V __nx_applet_type
00000000000352d0 0000000000000004 d g_gfxMode
00000000000352d8 0000000000000054 d g_gfxQueueBufferData
0000000000035330 000000000000016c d g_gfx_BufferInitData
000000000003549c 0000000000000004 D g_nvgfx_totalframebufs
00000000000354a0 0000000000000001 d firstConsoleInit.6501
00000000000354a8 0000000000000008 D currentConsole
00000000000354b0 0000000000000068 D defaultConsole
0000000000035518 00000000000000e0 d dotab_stdout
00000000000355f8 0000000000000004 V __nx_nv_transfermem_size
00000000000355fc 0000000000000004 V __nx_vi_stray_layer_flags
0000000000035600 0000000000000004 d g_viServiceType
0000000000035604 0000000000000004 d g_ctrl_fd
0000000000035608 0000000000000004 V __nx_time_type
0000000000035610 0000000000000401 d __cwd
0000000000035a14 0000000000000004 d fsdev_fsdevice_cwd
0000000000035a18 0000000000000004 d fsdev_fsdevice_default
0000000000035a20 00000000000000e0 d fsdev_devoptab
0000000000035b00 0000000000000008 D _impure_ptr
0000000000035b08 0000000000000768 d impure_data
0000000000036270 0000000000000008 D _global_impure_ptr
0000000000036278 00000000000001a8 D __global_locale
0000000000036420 0000000000000008 D __malloc_sbrk_base
0000000000036428 0000000000000008 D __malloc_trim_threshold
0000000000036430 0000000000000810 D __malloc_av_
0000000000036c40 0000000000000004 d defaultDevice
0000000000036c48 0000000000000080 D devoptab_list
0000000000036cc8 00000000000000e0 D dotab_stdnull
0000000000036da8 0000000000000400 d _current_working_directory
00000000000371a8 0000000000000010 d __stderr_handle
00000000000371b8 0000000000000010 d __stdin_handle
00000000000371c8 0000000000000010 d __stdout_handle
00000000000371d8 0000000000002000 d handles
00000000000391d8 D __bss_start__
00000000000391d8 D __TMC_END__
00000000000391d8 b completed.7821
00000000000391e0 b object.7826
0000000000039210 0000000000000008 V __nx_applet_PerformanceConfiguration
0000000000039218 0000000000000018 b g_appletFirstHook
0000000000039230 0000000000000001 b g_appletFocusState
0000000000039238 000000000000000c b g_appletIApplicationCreator
0000000000039248 000000000000000c b g_appletIAudioController
0000000000039258 000000000000000c b g_appletICommonStateGetter
0000000000039268 000000000000000c b g_appletIDebugFunctions
0000000000039278 000000000000000c b g_appletIDisplayController
0000000000039288 000000000000000c b g_appletIFunctions
0000000000039298 000000000000000c b g_appletIGlobalStateController
00000000000392a8 000000000000000c b g_appletILibraryAppletCreator
00000000000392b8 000000000000000c b g_appletILibraryAppletSelfAccessor
00000000000392c8 000000000000000c b g_appletIProcessWindingController
00000000000392d8 000000000000000c b g_appletISelfController
00000000000392e8 000000000000000c b g_appletIWindowController
00000000000392f4 0000000000000004 b g_appletMessageEventHandle
00000000000392f8 0000000000000001 b g_appletNotifiedRunning
00000000000392f9 0000000000000001 b g_appletOperationMode
00000000000392fc 0000000000000004 b g_appletPerformanceMode
0000000000039300 000000000000000c b g_appletProxySession
0000000000039310 0000000000000008 b g_appletResourceUserId
0000000000039318 000000000000000c b g_appletSrv
0000000000039328 0000000000000008 b g_refCnt
0000000000039330 0000000000000050 b g_controllerDown
0000000000039380 00000000000001e0 b g_controllerEntries
0000000000039560 0000000000000190 b g_controllerHeaders
00000000000396f0 0000000000000050 b g_controllerHeld
0000000000039740 0000000000000028 b g_controllerLayout
0000000000039768 0000000000000050 b g_controllerOld
00000000000397b8 0000000000000004 b g_controllerP1AutoID
00000000000397c0 0000000000000050 b g_controllerTimestamps
0000000000039810 0000000000000050 b g_controllerUp
0000000000039860 000000000000000c b g_hidIAppletResource
0000000000039870 0000000000000020 b g_hidLock
0000000000039890 0000000000000020 b g_hidSharedmem
00000000000398b0 000000000000000c b g_hidSrv
00000000000398c0 0000000000000020 b g_keyboardDown
00000000000398e0 0000000000000038 b g_keyboardEntry
0000000000039918 0000000000000020 b g_keyboardHeld
0000000000039938 0000000000000008 b g_keyboardModDown
0000000000039940 0000000000000008 b g_keyboardModHeld
0000000000039948 0000000000000008 b g_keyboardModOld
0000000000039950 0000000000000008 b g_keyboardModUp
0000000000039958 0000000000000020 b g_keyboardOld
0000000000039978 0000000000000008 b g_keyboardTimestamp
0000000000039980 0000000000000020 b g_keyboardUp
00000000000399a0 0000000000000008 b g_mouseDown
00000000000399a8 0000000000000030 b g_mouseEntry
00000000000399d8 0000000000000008 b g_mouseHeld
00000000000399e0 0000000000000008 b g_mouseOld
00000000000399e8 0000000000000008 b g_mouseTimestamp
00000000000399f0 0000000000000008 b g_mouseUp
00000000000399f8 0000000000000008 b g_refCnt
0000000000039a00 0000000000000298 b g_touchEntry
0000000000039c98 0000000000000008 b g_touchTimestamp
0000000000039ca0 000000000000000c b g_apmISession
0000000000039cb0 000000000000000c b g_apmSrv
0000000000039cc0 0000000000000008 b g_refCnt
0000000000039cc8 0000000000000008 b g_refCnt
0000000000039cd0 0000000000000004 b g_smHandle
0000000000039cd8 0000000000000200 b g_smOverrides
0000000000039ed8 0000000000000008 b g_smOverridesNum
0000000000039ee0 000000000000000c b g_gfxBinderEvent
0000000000039ef0 0000000000000010 b g_gfxBinderSession
0000000000039f00 0000000000000004 b g_gfxCurrentBuffer
0000000000039f04 0000000000000004 b g_gfxCurrentProducerBuffer
0000000000039f08 0000000000000050 b g_gfxDisplay
0000000000039f58 000000000000000c b g_gfxDisplayVsyncEvent
0000000000039f68 0000000000000008 b g_gfxFramebuf
0000000000039f70 0000000000000004 b g_gfxFramebufHandle
0000000000039f78 0000000000000008 b g_gfxFramebufLinear
0000000000039f80 0000000000000008 b g_gfxFramebufSize
0000000000039f88 0000000000000001 b g_gfxInitialized
0000000000039f90 0000000000000010 b g_gfxLayer
0000000000039fa0 0000000000000010 b g_gfx_Connect_QueueBufferOutput
0000000000039fb0 0000000000000001 b g_gfx_ProducerConnected
0000000000039fb4 0000000000000004 b g_gfx_ProducerSlotsRequested
0000000000039fb8 0000000000000010 b g_gfx_QueueBuffer_QueueBufferOutput
0000000000039fc8 0000000000000018 b g_gfx_autoresolution_applethookcookie
0000000000039fe0 0000000000000004 b g_gfx_autoresolution_docked_height
0000000000039fe4 0000000000000004 b g_gfx_autoresolution_docked_width
0000000000039fe8 0000000000000001 b g_gfx_autoresolution_enabled
0000000000039fec 0000000000000004 b g_gfx_autoresolution_handheld_height
0000000000039ff0 0000000000000004 b g_gfx_autoresolution_handheld_width
0000000000039ff8 0000000000000008 B g_gfx_framebuf_aligned_height
000000000003a000 0000000000000008 B g_gfx_framebuf_aligned_width
000000000003a008 0000000000000008 B g_gfx_framebuf_display_height
000000000003a010 0000000000000008 B g_gfx_framebuf_display_width
000000000003a018 0000000000000008 B g_gfx_framebuf_height
000000000003a020 0000000000000008 B g_gfx_framebuf_width
000000000003a028 0000000000000008 B g_gfx_singleframebuf_linear_size
000000000003a030 0000000000000008 B g_gfx_singleframebuf_size
000000000003a038 0000000000000001 b g_nvgfxInitialized
000000000003a03c 0000000000000004 b g_nvgfx_fd_nvmap
000000000003a040 0000000000000018 b nvmap_fb_obj
000000000003a058 0000000000000001 b g_HasCached
000000000003a059 0000000000000001 b g_IsAbove200
000000000003a05a 0000000000000001 b g_IsAbove300
000000000003a05b 0000000000000001 b g_IsAbove400
000000000003a05c 0000000000000001 b g_IsAbove500
000000000003a05d 0000000000000001 b g_IsAbove600
000000000003a060 0000000000000004 b g_Mutex
000000000003a068 0000000000000010 b g_AddressSpace
000000000003a078 0000000000000008 b g_CurrentAddr
000000000003a080 0000000000000030 b g_Region
000000000003a0b0 0000000000000004 b g_VirtMemMutex
000000000003a0b8 0000000000000008 b g_nvIpcBufferSize
000000000003a0c0 000000000000000c b g_nvSrv
000000000003a0d0 000000000000000c b g_nvSrvClone
000000000003a0e0 0000000000000028 b g_nvTransfermem
000000000003a108 0000000000000008 b g_refCnt
000000000003a110 0000000000000008 V __nx_vi_layer_id
000000000003a118 000000000000000c b g_viIApplicationDisplayService
000000000003a128 000000000000000c b g_viIHOSBinderDriverIndirect
000000000003a138 000000000000000c b g_viIHOSBinderDriverRelay
000000000003a148 000000000000000c b g_viIManagerDisplayService
000000000003a158 000000000000000c b g_viISystemDisplayService
000000000003a168 0000000000000008 b g_NvEventUsedMask
000000000003a170 0000000000000300 b g_NvEvents
000000000003a470 0000000000000008 b g_refCnt
000000000003a478 0000000000000008 V __nx_heap_size
000000000003a480 0000000000000001 b g_isNso
000000000003a484 0000000000000004 b g_lastLoadResult
000000000003a488 0000000000000008 b g_loaderRetAddr
000000000003a490 0000000000000004 b g_mainThreadHandle
000000000003a498 0000000000000008 b g_nextLoadArgv
000000000003a4a0 0000000000000008 b g_nextLoadPath
000000000003a4a8 0000000000000008 b g_overrideArgv
000000000003a4b0 0000000000000008 b g_overrideHeapAddr
000000000003a4b8 0000000000000008 b g_overrideHeapSize
000000000003a4c0 0000000000000004 b g_processHandle
000000000003a4c8 0000000000000010 b g_syscallHints
000000000003a4d8 0000000000000008 b __bootticks
000000000003a4e0 0000000000000008 b __boottime
000000000003a4e8 0000000000000008 b g_argv_empty
000000000003a4f0 0000000000002300 b fsdev_fsdevices
000000000003c7f0 0000000000000001 b fsdev_initialised
000000000003c7f8 0000000000000008 b g_refCnt
000000000003c800 000000000000000c b g_timeLocalSystemClock
000000000003c810 000000000000000c b g_timeNetworkSystemClock
000000000003c820 000000000000000c b g_timeSrv
000000000003c830 000000000000000c b g_timeTimeZoneService
000000000003c840 000000000000000c b g_timeUserSystemClock
000000000003c850 000000000000000c b g_fsSrv
000000000003c860 0000000000000008 b g_refCnt
000000000003c868 0000000000000028 B __malloc_current_mallinfo
000000000003c890 0000000000000008 B __malloc_max_sbrked_mem
000000000003c898 0000000000000008 B __malloc_max_total_mem
000000000003c8a0 0000000000000008 B __malloc_top_pad
000000000003c8a8 000000000000000c b __malloc_recursive_mutex
000000000003c8b8 000000000000000c B __atexit_recursive_mutex
000000000003c8c8 000000000000000c b __sfp_recursive_mutex
000000000003c8d8 000000000000000c b __sinit_recursive_mutex
000000000003c8e8 0000000000000008 b heap_start.5228
000000000003c8f0 0000000000000008 B fake_heap_end
000000000003c8f8 0000000000000008 B fake_heap_start
000000000003c900 0000000000000400 b temp_cwd
000000000003cd00 0000000000000090 B __syscalls
000000000003cd90 0000000000000004 b __hndl_lock
000000000003cd98 0000000000000068 B currentCopy
000000000003ce00 0000000000000008 B __stack_top
000000000003ce08 0000000000000008 B __system_argv
000000000003ce10 0000000000000004 B __system_argc
000000000003ce18 0000000000000004 B __nxlink_host
000000000003ce20 B __tls_start
0000000000041228 B __bss_end__
0000000000041228 A __end__
0000000000041228 B __tls_end
0000000000042000 A __argdata__
